<!DOCTYPE html PUBLIC "-//W3C//DTD XHTML 1.1//EN" "http://www.w3.org/TR/xhtml11/DTD/xhtml11.dtd">
<html xmlns="http://www.w3.org/1999/xhtml"><head><title>TestNG Report</title><style type="text/css">table {margin-bottom:10px;border-collapse:collapse;empty-cells:show}th,td {border:1px solid #009;padding:.25em .5em}th {vertical-align:bottom}td {vertical-align:top}table a {font-weight:bold}.stripe td {background-color: #E6EBF9}.num {text-align:right}.passedodd td {background-color: #3F3}.passedeven td {background-color: #0A0}.skippedodd td {background-color: #DDD}.skippedeven td {background-color: #CCC}.failedodd td,.attn {background-color: #F33}.failedeven td,.stripe .attn {background-color: #D00}.stacktrace {white-space:pre;font-family:monospace}.totop {font-size:85%;text-align:center;border-bottom:2px solid #000}</style></head><body><table><tr><th>Test</th><th># Passed</th><th># Skipped</th><th># Failed</th><th>Time (ms)</th><th>Included Groups</th><th>Excluded Groups</th></tr><tr><th colspan="7">FunctionalSuite</th></tr><tr><td><a href="#t0">FunctionalTestCases</a></td><td class="num">2</td><td class="num">0</td><td class="num attn">2</td><td class="num">87,389</td><td></td><td></td></tr></table><table><thead><tr><th>Class</th><th>Method</th><th>Start</th><th>Time (ms)</th></tr></thead><tbody><tr><th colspan="4">FunctionalSuite</th></tr></tbody><tbody id="t0"><tr><th colspan="4">FunctionalTestCases &#8212; failed</th></tr><tr class="failedeven"><td rowspan="2">com.tests.ShoppingCartTests</td><td><a href="#m0">createOrder_forOneMagicMouse_createdSuccessfully</a></td><td rowspan="1">1528687173126</td><td rowspan="1">8890</td></tr><tr class="failedeven"><td><a href="#m1">removeAnItem_ffromCheckoutPage_removedSuccessfully</a></td><td rowspan="1">1528687182021</td><td rowspan="1">21243</td></tr><tr><th colspan="4">FunctionalTestCases &#8212; passed</th></tr><tr class="passedeven"><td rowspan="2">com.tests.ShoppingCartTests</td><td><a href="#m2">createOrder_forMultipleItems_createdSuccessfully</a></td><td rowspan="1">1528687137087</td><td rowspan="1">36035</td></tr><tr class="passedeven"><td><a href="#m3">updateQuantity_fromCheckoutPage_updatedSuccessfully</a></td><td rowspan="1">1528687203267</td><td rowspan="1">20501</td></tr></tbody></table><h2>FunctionalTestCases</h2><h3 id="m0">com.tests.ShoppingCartTests#createOrder_forOneMagicMouse_createdSuccessfully</h3><table class="result"><tr class="param"><th>Parameter #1</th><th>Parameter #2</th></tr><tr class="param stripe"><td>ChromeDriver: chrome on XP (null)</td><td>common.TestProperties@621624b1</td></tr><tr><th colspan="2">Exception</th></tr><tr><td colspan="2"><div class="stacktrace">java.lang.AssertionError: Expected the number of items in the cart to be 1 but found 0 expected [1] but found [0]
	at com.tests.ShoppingCartTests.createOrder_forOneMagicMouse_createdSuccessfully(ShoppingCartTests.java:36)
... Removed 29 stack frames</div></td></tr></table><p class="totop"><a href="#summary">back to summary</a></p><h3 id="m1">com.tests.ShoppingCartTests#removeAnItem_ffromCheckoutPage_removedSuccessfully</h3><table class="result"><tr class="param"><th>Parameter #1</th><th>Parameter #2</th></tr><tr class="param stripe"><td>ChromeDriver: chrome on XP (null)</td><td>common.TestProperties@68b7bdcb</td></tr><tr><th colspan="2">Exception</th></tr><tr><td colspan="2"><div class="stacktrace">java.lang.AssertionError: Expected only 1 item to be displayed in the cart but 2 items were displayed expected [2] but found [1]
	at com.tests.ShoppingCartTests.removeAnItem_ffromCheckoutPage_removedSuccessfully(ShoppingCartTests.java:109)
... Removed 29 stack frames</div></td></tr></table><p class="totop"><a href="#summary">back to summary</a></p><h3 id="m2">com.tests.ShoppingCartTests#createOrder_forMultipleItems_createdSuccessfully</h3><table class="result"><tr class="param"><th>Parameter #1</th><th>Parameter #2</th></tr><tr class="param stripe"><td>ChromeDriver: chrome on XP (null)</td><td>common.TestProperties@1f760b47</td></tr></table><p class="totop"><a href="#summary">back to summary</a></p><h3 id="m3">com.tests.ShoppingCartTests#updateQuantity_fromCheckoutPage_updatedSuccessfully</h3><table class="result"><tr class="param"><th>Parameter #1</th><th>Parameter #2</th></tr><tr class="param stripe"><td>ChromeDriver: chrome on XP (null)</td><td>common.TestProperties@2ebf524</td></tr></table><p class="totop"><a href="#summary">back to summary</a></p></body></html>