<?xml version="1.0" encoding="UTF-8"?>
<testng-results skipped="0" failed="2" total="4" passed="2">
  <reporter-output>
  </reporter-output>
  <suite name="FunctionalSuite" duration-ms="87389" started-at="2018-06-11T03:18:57Z" finished-at="2018-06-11T03:20:24Z">
    <groups>
    </groups>
    <test name="FunctionalTestCases" duration-ms="87389" started-at="2018-06-11T03:18:57Z" finished-at="2018-06-11T03:20:24Z">
      <class name="com.tests.ShoppingCartTests">
        <test-method status="PASS" signature="setUp()[pri:0, instance:com.tests.ShoppingCartTests@31ef45e3]" name="setUp" is-config="true" duration-ms="3426" started-at="2018-06-10T23:18:53Z" finished-at="2018-06-10T23:18:57Z">
          <reporter-output>
          </reporter-output>
        </test-method> <!-- setUp -->
        <test-method status="PASS" signature="createOrder_forMultipleItems_createdSuccessfully(org.openqa.selenium.WebDriver, common.TestProperties)[pri:0, instance:com.tests.ShoppingCartTests@31ef45e3]" name="createOrder_forMultipleItems_createdSuccessfully" duration-ms="36035" started-at="2018-06-10T23:18:57Z" data-provider="test-data" finished-at="2018-06-10T23:19:33Z">
          <params>
            <param index="0">
              <value>
                <![CDATA[ChromeDriver: chrome on XP (null)]]>
              </value>
            </param>
            <param index="1">
              <value>
                <![CDATA[common.TestProperties@1f760b47]]>
              </value>
            </param>
          </params>
          <reporter-output>
          </reporter-output>
        </test-method> <!-- createOrder_forMultipleItems_createdSuccessfully -->
        <test-method status="FAIL" signature="createOrder_forOneMagicMouse_createdSuccessfully(org.openqa.selenium.WebDriver, common.TestProperties)[pri:0, instance:com.tests.ShoppingCartTests@31ef45e3]" name="createOrder_forOneMagicMouse_createdSuccessfully" duration-ms="8890" started-at="2018-06-10T23:19:33Z" data-provider="test-data" finished-at="2018-06-10T23:19:42Z">
          <params>
            <param index="0">
              <value>
                <![CDATA[ChromeDriver: chrome on XP (null)]]>
              </value>
            </param>
            <param index="1">
              <value>
                <![CDATA[common.TestProperties@621624b1]]>
              </value>
            </param>
          </params>
          <exception class="java.lang.AssertionError">
            <message>
              <![CDATA[Expected the number of items in the cart to be 1 but found 0 expected [1] but found [0]]]>
            </message>
            <full-stacktrace>
              <![CDATA[java.lang.AssertionError: Expected the number of items in the cart to be 1 but found 0 expected [1] but found [0]
	at org.testng.Assert.fail(Assert.java:94)
	at org.testng.Assert.failNotEquals(Assert.java:513)
	at org.testng.Assert.assertEqualsImpl(Assert.java:135)
	at org.testng.Assert.assertEquals(Assert.java:116)
	at org.testng.Assert.assertEquals(Assert.java:389)
	at com.tests.ShoppingCartTests.createOrder_forOneMagicMouse_createdSuccessfully(ShoppingCartTests.java:36)
	at sun.reflect.NativeMethodAccessorImpl.invoke0(Native Method)
	at sun.reflect.NativeMethodAccessorImpl.invoke(NativeMethodAccessorImpl.java:62)
	at sun.reflect.DelegatingMethodAccessorImpl.invoke(DelegatingMethodAccessorImpl.java:43)
	at java.lang.reflect.Method.invoke(Method.java:498)
	at org.testng.internal.MethodInvocationHelper.invokeMethod(MethodInvocationHelper.java:86)
	at org.testng.internal.Invoker.invokeMethod(Invoker.java:643)
	at org.testng.internal.Invoker.invokeTestMethod(Invoker.java:820)
	at org.testng.internal.Invoker.invokeTestMethods(Invoker.java:1128)
	at org.testng.internal.TestMethodWorker.invokeTestMethods(TestMethodWorker.java:129)
	at org.testng.internal.TestMethodWorker.run(TestMethodWorker.java:112)
	at org.testng.TestRunner.privateRun(TestRunner.java:782)
	at org.testng.TestRunner.run(TestRunner.java:632)
	at org.testng.SuiteRunner.runTest(SuiteRunner.java:366)
	at org.testng.SuiteRunner.runSequentially(SuiteRunner.java:361)
	at org.testng.SuiteRunner.privateRun(SuiteRunner.java:319)
	at org.testng.SuiteRunner.run(SuiteRunner.java:268)
	at org.testng.SuiteRunnerWorker.runSuite(SuiteRunnerWorker.java:52)
	at org.testng.SuiteRunnerWorker.run(SuiteRunnerWorker.java:86)
	at org.testng.TestNG.runSuitesSequentially(TestNG.java:1244)
	at org.testng.TestNG.runSuitesLocally(TestNG.java:1169)
	at org.testng.TestNG.run(TestNG.java:1064)
	at org.testng.remote.AbstractRemoteTestNG.run(AbstractRemoteTestNG.java:114)
	at org.testng.remote.RemoteTestNG.initAndRun(RemoteTestNG.java:251)
	at org.testng.remote.RemoteTestNG.main(RemoteTestNG.java:77)
]]>
            </full-stacktrace>
          </exception> <!-- java.lang.AssertionError -->
          <reporter-output>
          </reporter-output>
        </test-method> <!-- createOrder_forOneMagicMouse_createdSuccessfully -->
        <test-method status="FAIL" signature="removeAnItem_ffromCheckoutPage_removedSuccessfully(org.openqa.selenium.WebDriver, common.TestProperties)[pri:0, instance:com.tests.ShoppingCartTests@31ef45e3]" name="removeAnItem_ffromCheckoutPage_removedSuccessfully" duration-ms="21243" started-at="2018-06-10T23:19:42Z" data-provider="test-data" finished-at="2018-06-10T23:20:03Z">
          <params>
            <param index="0">
              <value>
                <![CDATA[ChromeDriver: chrome on XP (null)]]>
              </value>
            </param>
            <param index="1">
              <value>
                <![CDATA[common.TestProperties@68b7bdcb]]>
              </value>
            </param>
          </params>
          <exception class="java.lang.AssertionError">
            <message>
              <![CDATA[Expected only 1 item to be displayed in the cart but 2 items were displayed expected [2] but found [1]]]>
            </message>
            <full-stacktrace>
              <![CDATA[java.lang.AssertionError: Expected only 1 item to be displayed in the cart but 2 items were displayed expected [2] but found [1]
	at org.testng.Assert.fail(Assert.java:94)
	at org.testng.Assert.failNotEquals(Assert.java:513)
	at org.testng.Assert.assertEqualsImpl(Assert.java:135)
	at org.testng.Assert.assertEquals(Assert.java:116)
	at org.testng.Assert.assertEquals(Assert.java:389)
	at com.tests.ShoppingCartTests.removeAnItem_ffromCheckoutPage_removedSuccessfully(ShoppingCartTests.java:109)
	at sun.reflect.NativeMethodAccessorImpl.invoke0(Native Method)
	at sun.reflect.NativeMethodAccessorImpl.invoke(NativeMethodAccessorImpl.java:62)
	at sun.reflect.DelegatingMethodAccessorImpl.invoke(DelegatingMethodAccessorImpl.java:43)
	at java.lang.reflect.Method.invoke(Method.java:498)
	at org.testng.internal.MethodInvocationHelper.invokeMethod(MethodInvocationHelper.java:86)
	at org.testng.internal.Invoker.invokeMethod(Invoker.java:643)
	at org.testng.internal.Invoker.invokeTestMethod(Invoker.java:820)
	at org.testng.internal.Invoker.invokeTestMethods(Invoker.java:1128)
	at org.testng.internal.TestMethodWorker.invokeTestMethods(TestMethodWorker.java:129)
	at org.testng.internal.TestMethodWorker.run(TestMethodWorker.java:112)
	at org.testng.TestRunner.privateRun(TestRunner.java:782)
	at org.testng.TestRunner.run(TestRunner.java:632)
	at org.testng.SuiteRunner.runTest(SuiteRunner.java:366)
	at org.testng.SuiteRunner.runSequentially(SuiteRunner.java:361)
	at org.testng.SuiteRunner.privateRun(SuiteRunner.java:319)
	at org.testng.SuiteRunner.run(SuiteRunner.java:268)
	at org.testng.SuiteRunnerWorker.runSuite(SuiteRunnerWorker.java:52)
	at org.testng.SuiteRunnerWorker.run(SuiteRunnerWorker.java:86)
	at org.testng.TestNG.runSuitesSequentially(TestNG.java:1244)
	at org.testng.TestNG.runSuitesLocally(TestNG.java:1169)
	at org.testng.TestNG.run(TestNG.java:1064)
	at org.testng.remote.AbstractRemoteTestNG.run(AbstractRemoteTestNG.java:114)
	at org.testng.remote.RemoteTestNG.initAndRun(RemoteTestNG.java:251)
	at org.testng.remote.RemoteTestNG.main(RemoteTestNG.java:77)
]]>
            </full-stacktrace>
          </exception> <!-- java.lang.AssertionError -->
          <reporter-output>
          </reporter-output>
        </test-method> <!-- removeAnItem_ffromCheckoutPage_removedSuccessfully -->
        <test-method status="PASS" signature="updateQuantity_fromCheckoutPage_updatedSuccessfully(org.openqa.selenium.WebDriver, common.TestProperties)[pri:0, instance:com.tests.ShoppingCartTests@31ef45e3]" name="updateQuantity_fromCheckoutPage_updatedSuccessfully" duration-ms="20501" started-at="2018-06-10T23:20:03Z" data-provider="test-data" finished-at="2018-06-10T23:20:23Z">
          <params>
            <param index="0">
              <value>
                <![CDATA[ChromeDriver: chrome on XP (null)]]>
              </value>
            </param>
            <param index="1">
              <value>
                <![CDATA[common.TestProperties@2ebf524]]>
              </value>
            </param>
          </params>
          <reporter-output>
          </reporter-output>
        </test-method> <!-- updateQuantity_fromCheckoutPage_updatedSuccessfully -->
        <test-method status="PASS" signature="tearDown()[pri:0, instance:com.tests.ShoppingCartTests@31ef45e3]" name="tearDown" is-config="true" duration-ms="691" started-at="2018-06-10T23:20:23Z" finished-at="2018-06-10T23:20:24Z">
          <reporter-output>
          </reporter-output>
        </test-method> <!-- tearDown -->
      </class> <!-- com.tests.ShoppingCartTests -->
    </test> <!-- FunctionalTestCases -->
  </suite> <!-- FunctionalSuite -->
</testng-results>
