<?xml version="1.0" encoding="UTF-8"?>
<!-- Generated by org.testng.reporters.JUnitXMLReporter -->
<testsuite hostname="9932941Canada2" name="FunctionalTestCases" tests="2" failures="1" timestamp="10 Jun 2018 21:36:34 GMT" time="45.463" errors="0">
  <testcase name="createOrder_forMultipleItems_createdSuccessfully" time="37.714" classname="com.tests.ShoppingCartTests"/>
  <testcase name="createOrder_forOneMagicMouse_createdSuccessfully" time="7.002" classname="com.tests.ShoppingCartTests">
    <failure type="java.lang.AssertionError" message="Expected the number of items in the cart to be 1 but found 0 expected [1] but found [0]">
      <![CDATA[java.lang.AssertionError: Expected the number of items in the cart to be 1 but found 0 expected [1] but found [0]
	at com.tests.ShoppingCartTests.createOrder_forOneMagicMouse_createdSuccessfully(ShoppingCartTests.java:36)
... Removed 29 stack frames]]>
    </failure>
  </testcase> <!-- createOrder_forOneMagicMouse_createdSuccessfully -->
</testsuite> <!-- FunctionalTestCases -->
